0 info it worked if it ends with ok
1 verbose cli [ 'c:\\Program Files (x86)\\nodejs\\node.exe',
1 verbose cli   'c:\\Program Files (x86)\\nodejs\\node_modules\\npm\\bin\\npm-cli.js',
1 verbose cli   'run',
1 verbose cli   'build' ]
2 info using npm@3.10.3
3 info using node@v6.7.0
4 verbose run-script [ 'prebuild', 'build', 'postbuild' ]
5 info lifecycle crm-nodejs@0.0.0~prebuild: crm-nodejs@0.0.0
6 silly lifecycle crm-nodejs@0.0.0~prebuild: no script for prebuild, continuing
7 info lifecycle crm-nodejs@0.0.0~build: crm-nodejs@0.0.0
8 verbose lifecycle crm-nodejs@0.0.0~build: unsafe-perm in lifecycle true
9 verbose lifecycle crm-nodejs@0.0.0~build: PATH: c:\Program Files (x86)\nodejs\node_modules\npm\bin\node-gyp-bin;c:\Users\MSI\Desktop\crm nodejs\crm-portal-single-page\node_modules\.bin;c:\Program Files (x86)\nodejs;c:\Users\MSI\bin;.;C:\Program Files (x86)\Git\local\bin;C:\Program Files (x86)\Git\mingw\bin;C:\Program Files (x86)\Git\bin;C:\Program Files (x86)\Git\bin;c:\ProgramData\Oracle\Java\javapath;c:\Windows\system32;c:\Windows;c:\Windows\System32\Wbem;c:\Windows\System32\WindowsPowerShell\v1.0\;c:\Program Files (x86)\NVIDIA Corporation\PhysX\Common;c:\WINDOWS\system32;c:\WINDOWS;c:\WINDOWS\System32\Wbem;c:\WINDOWS\System32\WindowsPowerShell\v1.0\;c:\Program Files (x86)\VietPN\app\libs;c:\Program Files (x86)\nodejs\;c:\Users\MSI\.dnx\bin;c:\Program Files\Microsoft DNX\Dnvm\;c:\Program Files\Microsoft SQL Server\130\Tools\Binn\;c:\Program Files (x86)\Heroku\bin;c:\Users\MSI\AppData\Local\Microsoft\WindowsApps;c:\Program Files (x86)\Java\jre7\bin;c:\Users\MSI\AppData\Roaming\npm;c:\Program Files\Java\jdk1.8.0_111\bin;c:\Users\MSI\AppData\Local\.meteor\;c:\adb;c:\Program Files\MacType;c:\Program Files (x86)\Java\jre7\bin;c:\Users\MSI\AppData\Roaming\npm;c:\Program Files\Java\jdk1.8.0_111\bin;c:\Users\MSI\AppData\Local\.meteor;c:\Python27;c:\Python27\Scripts;c:\Python27\Lib\site-packages
10 verbose lifecycle crm-nodejs@0.0.0~build: CWD: c:\Users\MSI\Desktop\crm nodejs\crm-portal-single-page
11 silly lifecycle crm-nodejs@0.0.0~build: Args: [ '/d /s /c', 'babel src -d lib' ]
12 silly lifecycle crm-nodejs@0.0.0~build: Returned: code: 1  signal: null
13 info lifecycle crm-nodejs@0.0.0~build: Failed to exec build script
14 verbose stack Error: crm-nodejs@0.0.0 build: `babel src -d lib`
14 verbose stack Exit status 1
14 verbose stack     at EventEmitter.<anonymous> (c:\Program Files (x86)\nodejs\node_modules\npm\lib\utils\lifecycle.js:242:16)
14 verbose stack     at emitTwo (events.js:106:13)
14 verbose stack     at EventEmitter.emit (events.js:191:7)
14 verbose stack     at ChildProcess.<anonymous> (c:\Program Files (x86)\nodejs\node_modules\npm\lib\utils\spawn.js:40:14)
14 verbose stack     at emitTwo (events.js:106:13)
14 verbose stack     at ChildProcess.emit (events.js:191:7)
14 verbose stack     at maybeClose (internal/child_process.js:877:16)
14 verbose stack     at Process.ChildProcess._handle.onexit (internal/child_process.js:226:5)
15 verbose pkgid crm-nodejs@0.0.0
16 verbose cwd c:\Users\MSI\Desktop\crm nodejs\crm-portal-single-page
17 error Windows_NT 10.0.14393
18 error argv "c:\\Program Files (x86)\\nodejs\\node.exe" "c:\\Program Files (x86)\\nodejs\\node_modules\\npm\\bin\\npm-cli.js" "run" "build"
19 error node v6.7.0
20 error npm  v3.10.3
21 error code ELIFECYCLE
22 error crm-nodejs@0.0.0 build: `babel src -d lib`
22 error Exit status 1
23 error Failed at the crm-nodejs@0.0.0 build script 'babel src -d lib'.
23 error Make sure you have the latest version of node.js and npm installed.
23 error If you do, this is most likely a problem with the crm-nodejs package,
23 error not with npm itself.
23 error Tell the author that this fails on your system:
23 error     babel src -d lib
23 error You can get information on how to open an issue for this project with:
23 error     npm bugs crm-nodejs
23 error Or if that isn't available, you can get their info via:
23 error     npm owner ls crm-nodejs
23 error There is likely additional logging output above.
24 verbose exit [ 1, true ]
